<?xml version="1.0" encoding="UTF-8" ?>
<testsuite tests="3" failures="1" name="se.nackademin.rest.test.BooksTest" time="6.285" errors="0" skipped="0">
  <properties>
    <property name="java.runtime.name" value="Java(TM) SE Runtime Environment"/>
    <property name="sun.boot.library.path" value="/usr/lib/jvm/java-8-oracle/jre/lib/i386"/>
    <property name="java.vm.version" value="25.121-b13"/>
    <property name="java.vm.vendor" value="Oracle Corporation"/>
    <property name="java.vendor.url" value="http://java.oracle.com/"/>
    <property name="path.separator" value=":"/>
    <property name="guice.disable.misplaced.annotation.check" value="true"/>
    <property name="java.vm.name" value="Java HotSpot(TM) Client VM"/>
    <property name="file.encoding.pkg" value="sun.io"/>
    <property name="user.country" value="US"/>
    <property name="sun.java.launcher" value="SUN_STANDARD"/>
    <property name="sun.os.patch.level" value="unknown"/>
    <property name="test" value="se.nackademin.rest.test.BooksTest"/>
    <property name="java.vm.specification.name" value="Java Virtual Machine Specification"/>
    <property name="user.dir" value="/home/jesper/NetBeansProjects/nackademin.se_rest-test_jar_1.0-SNAPSHOT_3"/>
    <property name="java.runtime.version" value="1.8.0_121-b13"/>
    <property name="java.awt.graphicsenv" value="sun.awt.X11GraphicsEnvironment"/>
    <property name="java.endorsed.dirs" value="/usr/lib/jvm/java-8-oracle/jre/lib/endorsed"/>
    <property name="os.arch" value="i386"/>
    <property name="java.io.tmpdir" value="/tmp"/>
    <property name="line.separator" value="
"/>
    <property name="java.vm.specification.vendor" value="Oracle Corporation"/>
    <property name="os.name" value="Linux"/>
    <property name="maven.ext.class.path" value="/home/jesper/netbeans-8.2/java/maven-nblib/netbeans-eventspy.jar"/>
    <property name="classworlds.conf" value="/usr/share/maven/bin/m2.conf"/>
    <property name="sun.jnu.encoding" value="UTF-8"/>
    <property name="java.library.path" value="/usr/lib/jvm/java-8-oracle/jre/lib/amd64:/usr/lib/jvm/java-8-oracle/jre/lib/i386::/usr/java/packages/lib/i386:/lib:/usr/lib"/>
    <property name="java.specification.name" value="Java Platform API Specification"/>
    <property name="java.class.version" value="52.0"/>
    <property name="sun.management.compiler" value="HotSpot Client Compiler"/>
    <property name="os.version" value="4.4.0-31-generic"/>
    <property name="user.home" value="/home/jesper"/>
    <property name="user.timezone" value="Europe/Stockholm"/>
    <property name="java.awt.printerjob" value="sun.print.PSPrinterJob"/>
    <property name="java.specification.version" value="1.8"/>
    <property name="file.encoding" value="UTF-8"/>
    <property name="user.name" value="jesper"/>
    <property name="java.class.path" value="/usr/share/maven/boot/plexus-classworlds-2.x.jar"/>
    <property name="java.vm.specification.version" value="1.8"/>
    <property name="sun.arch.data.model" value="32"/>
    <property name="java.home" value="/usr/lib/jvm/java-8-oracle/jre"/>
    <property name="sun.java.command" value="org.codehaus.plexus.classworlds.launcher.Launcher -Dtest=se.nackademin.rest.test.BooksTest -Dmaven.ext.class.path=/home/jesper/netbeans-8.2/java/maven-nblib/netbeans-eventspy.jar surefire:test"/>
    <property name="java.specification.vendor" value="Oracle Corporation"/>
    <property name="user.language" value="en"/>
    <property name="awt.toolkit" value="sun.awt.X11.XToolkit"/>
    <property name="java.vm.info" value="mixed mode"/>
    <property name="java.version" value="1.8.0_121"/>
    <property name="java.ext.dirs" value="/usr/lib/jvm/java-8-oracle/jre/lib/ext:/usr/java/packages/lib/ext"/>
    <property name="securerandom.source" value="file:/dev/./urandom"/>
    <property name="sun.boot.class.path" value="/usr/lib/jvm/java-8-oracle/jre/lib/resources.jar:/usr/lib/jvm/java-8-oracle/jre/lib/rt.jar:/usr/lib/jvm/java-8-oracle/jre/lib/sunrsasign.jar:/usr/lib/jvm/java-8-oracle/jre/lib/jsse.jar:/usr/lib/jvm/java-8-oracle/jre/lib/jce.jar:/usr/lib/jvm/java-8-oracle/jre/lib/charsets.jar:/usr/lib/jvm/java-8-oracle/jre/lib/jfr.jar:/usr/lib/jvm/java-8-oracle/jre/classes"/>
    <property name="java.vendor" value="Oracle Corporation"/>
    <property name="maven.home" value="/usr/share/maven"/>
    <property name="file.separator" value="/"/>
    <property name="java.vendor.url.bug" value="http://bugreport.sun.com/bugreport/"/>
    <property name="sun.cpu.endian" value="little"/>
    <property name="sun.io.unicode.encoding" value="UnicodeLittle"/>
    <property name="sun.desktop" value="gnome"/>
    <property name="sun.cpu.isalist" value=""/>
  </properties>
  <testcase classname="se.nackademin.rest.test.BooksTest" name="testAddNewBook" time="4.898"/>
  <testcase classname="se.nackademin.rest.test.BooksTest" name="testGetAllBooks" time="0.144"/>
  <testcase classname="se.nackademin.rest.test.BooksTest" name="testUpdateBook" time="1.053">
    <failure message="should return status code 200 expected:&lt;200&gt; but was:&lt;400&gt;" type="java.lang.AssertionError">java.lang.AssertionError: should return status code 200 expected:&lt;200&gt; but was:&lt;400&gt;
	at org.junit.Assert.fail(Assert.java:88)
	at org.junit.Assert.failNotEquals(Assert.java:834)
	at org.junit.Assert.assertEquals(Assert.java:645)
	at se.nackademin.rest.test.BooksTest.testUpdateBook(BooksTest.java:70)
	at sun.reflect.NativeMethodAccessorImpl.invoke0(Native Method)
	at sun.reflect.NativeMethodAccessorImpl.invoke(NativeMethodAccessorImpl.java:62)
	at sun.reflect.DelegatingMethodAccessorImpl.invoke(DelegatingMethodAccessorImpl.java:43)
	at java.lang.reflect.Method.invoke(Method.java:498)
	at org.junit.runners.model.FrameworkMethod$1.runReflectiveCall(FrameworkMethod.java:50)
	at org.junit.internal.runners.model.ReflectiveCallable.run(ReflectiveCallable.java:12)
	at org.junit.runners.model.FrameworkMethod.invokeExplosively(FrameworkMethod.java:47)
	at org.junit.internal.runners.statements.InvokeMethod.evaluate(InvokeMethod.java:17)
	at org.junit.runners.ParentRunner.runLeaf(ParentRunner.java:325)
	at org.junit.runners.BlockJUnit4ClassRunner.runChild(BlockJUnit4ClassRunner.java:78)
	at org.junit.runners.BlockJUnit4ClassRunner.runChild(BlockJUnit4ClassRunner.java:57)
	at org.junit.runners.ParentRunner$3.run(ParentRunner.java:290)
	at org.junit.runners.ParentRunner$1.schedule(ParentRunner.java:71)
	at org.junit.runners.ParentRunner.runChildren(ParentRunner.java:288)
	at org.junit.runners.ParentRunner.access$000(ParentRunner.java:58)
	at org.junit.runners.ParentRunner$2.evaluate(ParentRunner.java:268)
	at org.junit.runners.ParentRunner.run(ParentRunner.java:363)
	at org.apache.maven.surefire.junit4.JUnit4TestSet.execute(JUnit4TestSet.java:53)
	at org.apache.maven.surefire.junit4.JUnit4Provider.executeTestSet(JUnit4Provider.java:123)
	at org.apache.maven.surefire.junit4.JUnit4Provider.invoke(JUnit4Provider.java:104)
	at sun.reflect.NativeMethodAccessorImpl.invoke0(Native Method)
	at sun.reflect.NativeMethodAccessorImpl.invoke(NativeMethodAccessorImpl.java:62)
	at sun.reflect.DelegatingMethodAccessorImpl.invoke(DelegatingMethodAccessorImpl.java:43)
	at java.lang.reflect.Method.invoke(Method.java:498)
	at org.apache.maven.surefire.util.ReflectionUtils.invokeMethodWithArray(ReflectionUtils.java:164)
	at org.apache.maven.surefire.booter.ProviderFactory$ProviderProxy.invoke(ProviderFactory.java:110)
	at org.apache.maven.surefire.booter.SurefireStarter.invokeProvider(SurefireStarter.java:175)
	at org.apache.maven.surefire.booter.SurefireStarter.runSuitesInProcessWhenForked(SurefireStarter.java:107)
	at org.apache.maven.surefire.booter.ForkedBooter.main(ForkedBooter.java:68)
</failure>
    <system-out>Request method:	POST
Request path:	http://localhost:8080/librarytest/rest/books/
Proxy:			&lt;none&gt;
Request params:	&lt;none&gt;
Query params:	&lt;none&gt;
Form params:	&lt;none&gt;
Path params:	&lt;none&gt;
Multiparts:		&lt;none&gt;
Headers:		Accept=*/*
				Content-Type=application/json; charset=UTF-8
Cookies:		&lt;none&gt;
Body:
{
    &quot;book&quot;: {
        &quot;nbOfPage&quot;: 130,
        &quot;description&quot;: &quot;0acce0c6-530f-4f8f-8762-c712f5c16873&quot;,
        &quot;title&quot;: &quot;80a30e6e-8f9a-4292-ae33-dc2547d66780&quot;,
        &quot;isbn&quot;: &quot;0de222d1-5a84-4da0-a22f-d72f873e2211&quot;
    }
}
HTTP/1.1 201 Created
Server: Apache-Coyote/1.1
Location: http://localhost:8080/librarytest/rest/books/107
Content-Length: 0
Date: Thu, 20 Apr 2017 10:56:38 GMT
HTTP/1.1 200 OK
Server: Apache-Coyote/1.1
Content-Type: application/json
Transfer-Encoding: chunked
Date: Thu, 20 Apr 2017 10:56:38 GMT

{
    &quot;books&quot;: {
        &quot;book&quot;: [
            {
                &quot;author&quot;: [
                    {
                        &quot;id&quot;: 2,
                        &quot;name&quot;: &quot;jespeer&quot;
                    },
                    {
                        &quot;id&quot;: 3,
                        &quot;name&quot;: &quot;Terry Pratchett&quot;
                    }
                ],
                &quot;description&quot;: &quot;It is the coming of the End Times: the Apocalypse is near, and Final Judgement will soon descend upon the human species. This comes as a bit of bad news to the angel Aziraphale (who was the guardian of the Eastern Gate of Eden) and the demon Crowley (who, when he was originally named Crawly, was the serpent who tempted Eve to eat the apple), respectively the representatives of Heaven and Hell on Earth, as they have become used to living their cozy, comfortable lives and have, in a perverse way, taken a liking to humanity.&quot;,
                &quot;id&quot;: 2,
                &quot;isbn&quot;: &quot;0-575-04800-X&quot;,
                &quot;nbOfPage&quot;: 288,
                &quot;title&quot;: &quot;Good Omens&quot;
            },
            {
                &quot;author&quot;: {
                    &quot;id&quot;: 4,
                    &quot;name&quot;: &quot;Arthur C. Clarke&quot;
                },
                &quot;description&quot;: &quot;In the background to the story in the book, an ancient and unseen alien race uses a device with the appearance of a large crystalline monolith to investigate worlds all across the galaxy and, if possible, to encourage the development of intelligent life.&quot;,
                &quot;id&quot;: 5,
                &quot;isbn&quot;: &quot;0-453-00269-2&quot;,
                &quot;nbOfPage&quot;: 221,
                &quot;title&quot;: &quot;2001: A Space Odyssey&quot;
            },
            {
                &quot;author&quot;: {
                    &quot;id&quot;: 2,
                    &quot;name&quot;: &quot;jespeer&quot;
                },
                &quot;description&quot;: &quot;The central premise of the novel is that gods and mythological creatures exist because people believe in them (a form of thoughtform). Immigrants to the United States brought with them spirits and gods. However, the power of these mythological beings has diminished as people&apos;s beliefs wane. New gods have arisen, reflecting America&apos;s obsessions with media, celebrity, technology, and drugs, among others.&quot;,
                &quot;id&quot;: 8,
                &quot;isbn&quot;: &quot;0-380-97365-0&quot;,
                &quot;nbOfPage&quot;: 465,
                &quot;title&quot;: &quot;American Gods&quot;
            },
            {
                &quot;author&quot;: {
                    &quot;id&quot;: 1,
                    &quot;name&quot;: &quot;Margaret Atwood&quot;
                },
                &quot;description&quot;: &quot;The novel focuses on a post-apocalyptic character named Snowman, living near a group of primitive human-like creatures whom he calls Crakers.&quot;,
                &quot;id&quot;: 1,
                &quot;isbn&quot;: &quot;0-7710-0868-6&quot;,
                &quot;nbOfPage&quot;: 411,
                &quot;title&quot;: &quot;Oryx and Crake&quot;
            },
            {
                &quot;author&quot;: {
                    &quot;id&quot;: 2,
                    &quot;name&quot;: &quot;jespeer&quot;
                },
                &quot;description&quot;: &quot;Anansi Boys is the story of Charles \&quot;Fat Charlie\&quot; Nancy, a timid Londoner devoid of ambition, whose unenthusiastic wedding preparations are disrupted when he learns of his father&apos;s death in Florida. The flamboyant Mr. Nancy, in whose shadow Fat Charlie has always lived, died in a typically embarrassing manner by suffering a fatal heart attack while singing to a young woman on stage in a karaoke bar.&quot;,
                &quot;id&quot;: 10,
                &quot;isbn&quot;: &quot;0-06-051518-X&quot;,
                &quot;nbOfPage&quot;: 400,
                &quot;title&quot;: &quot;Anansi Boys&quot;
            },
            {
                &quot;author&quot;: {
                    &quot;id&quot;: 2,
                    &quot;name&quot;: &quot;jespeer&quot;
                },
                &quot;description&quot;: &quot;Coraline Jones and her parents move into an old house that has been divided into flats. The other tenants include Miss Spink and Miss Forcible, two elderly women retired from the stage, and Mr. Bobinsky, initially referred to as \&quot;the crazy old man upstairs\&quot;, who claims to be training a mouse circus. The flat beside Coraline&apos;s is unoccupied.&quot;,
                &quot;id&quot;: 9,
                &quot;isbn&quot;: &quot;0-06-113937-8&quot;,
                &quot;nbOfPage&quot;: 163,
                &quot;title&quot;: &quot;Coraline&quot;
            },
            {
                &quot;author&quot;: {
                    &quot;id&quot;: 4,
                    &quot;name&quot;: &quot;Arthur C. Clarke&quot;
                },
                &quot;description&quot;: &quot;After a meteorite falls in Northeast Italy in 2077, creating a major disaster, the government of Earth sets up the Spaceguard system as an early warning of arrivals from deep space.&quot;,
                &quot;id&quot;: 6,
                &quot;isbn&quot;: &quot;0-575-01587-X&quot;,
                &quot;nbOfPage&quot;: 256,
                &quot;title&quot;: &quot;Rendezvous with Rama&quot;
            },
            {
                &quot;author&quot;: [
                    {
                        &quot;id&quot;: 4,
                        &quot;name&quot;: &quot;Arthur C. Clarke&quot;
                    },
                    {
                        &quot;id&quot;: 5,
                        &quot;name&quot;: &quot;Stephen Baxter&quot;
                    },
                    {
                        &quot;id&quot;: 86,
                        &quot;name&quot;: &quot;23c55e05-c01d-4354-a6c8-8127ab86b9a9&quot;
                    },
                    {
                        &quot;id&quot;: 87,
                        &quot;name&quot;: &quot;523e6725-6441-4c9c-a161-7fd941471f86&quot;
                    },
                    {
                        &quot;id&quot;: 88,
                        &quot;name&quot;: &quot;bcbee23e-688b-4873-a652-8f5c341b9c69&quot;
                    },
                    {
                        &quot;id&quot;: 89,
                        &quot;name&quot;: &quot;5985efdb-2afc-46e8-8a59-6e8a2a5843ad&quot;
                    }
                ],
                &quot;description&quot;: &quot;The story opens with two hominids, probably Homo erectus, known as &apos;Seeker&apos;, a mother, and her infant daughter &apos;Grasper&apos;. As they walked on the tranquil Earth two million years ago, they were suddenly captured by some blood-red beings, who turn out to be nineteenth-century British redcoat soldiers.&quot;,
                &quot;id&quot;: 4,
                &quot;isbn&quot;: &quot;0-00-713846-6&quot;,
                &quot;nbOfPage&quot;: 392,
                &quot;title&quot;: &quot;Time&apos;s Eye&quot;
            },
            {
                &quot;author&quot;: {
                    &quot;id&quot;: 3,
                    &quot;name&quot;: &quot;Terry Pratchett&quot;
                },
                &quot;description&quot;: &quot;The story follows a plot by a secret brotherhood, the Unique and Supreme Lodge of the Elucidated Brethren of the Ebon Night, to overthrow the Patrician of Ankh-Morpork and install a puppet king, under the control of the Supreme Grand Master. Using a stolen magic book, they summon a dragon to strike fear into the people of Ankh-Morpork.&quot;,
                &quot;id&quot;: 3,
                &quot;isbn&quot;: &quot;0-575-04606-6&quot;,
                &quot;nbOfPage&quot;: 288,
                &quot;title&quot;: &quot;Guards! Guards!&quot;
            },
            {
                &quot;author&quot;: {
                    &quot;id&quot;: 11,
                    &quot;name&quot;: &quot;Sture Hagfors&quot;
                },
                &quot;description&quot;: &quot;svampar i skogen&quot;,
                &quot;id&quot;: 12,
                &quot;isbn&quot;: &quot;0-7710-0968-6&quot;,
                &quot;nbOfPage&quot;: 200,
                &quot;title&quot;: &quot;svampar&quot;
            },
            {
                &quot;description&quot;: &quot;385b74cf-c3d9-451c-b816-b24258ea1995&quot;,
                &quot;id&quot;: 13,
                &quot;isbn&quot;: &quot;53351190-c174-4445-8121-88ea45590be2&quot;,
                &quot;nbOfPage&quot;: 473,
                &quot;title&quot;: &quot;86235947-a140-477b-9bd2-c796078802b5&quot;
            },
            {
                &quot;description&quot;: &quot;hello&quot;,
                &quot;id&quot;: 14,
                &quot;isbn&quot;: 123123,
                &quot;nbOfPage&quot;: 2456,
                &quot;title&quot;: &quot;hej&quot;
            },
            {
                &quot;description&quot;: &quot;9b0b403f-d62a-471d-8b75-a0cc3be7f192&quot;,
                &quot;id&quot;: 15,
                &quot;isbn&quot;: &quot;314a4c24-24ba-4d30-b01f-c27f80b58233&quot;,
                &quot;nbOfPage&quot;: 411,
                &quot;title&quot;: &quot;074915b2-9e8e-4afc-93a8-e663318259b0&quot;
            },
            {
                &quot;description&quot;: &quot;75c67a40-7ea6-4d07-948e-f563a438a0e8&quot;,
                &quot;id&quot;: 16,
                &quot;isbn&quot;: &quot;248135cf-bc9c-4153-90c4-789b03904e99&quot;,
                &quot;nbOfPage&quot;: 411,
                &quot;title&quot;: &quot;2a1c65d7-4895-46aa-96e4-a97e5abaf05a&quot;
            },
            {
                &quot;description&quot;: &quot;35173bf9-42be-4262-aa1f-dbd5096b66f3&quot;,
                &quot;id&quot;: 17,
                &quot;isbn&quot;: &quot;c4f6db3d-65fe-441c-aeeb-e0f798fd0cb7&quot;,
                &quot;nbOfPage&quot;: 411,
                &quot;title&quot;: &quot;daa366dc-52a1-492c-9d90-dbfd99bc3557&quot;
            },
            {
                &quot;description&quot;: &quot;hello&quot;,
                &quot;id&quot;: 18,
                &quot;isbn&quot;: 123123,
                &quot;nbOfPage&quot;: 2456,
                &quot;title&quot;: &quot;hej&quot;
            },
            {
                &quot;description&quot;: &quot;23382c9a-45bb-4d45-99fb-9faedbc1fed1&quot;,
                &quot;id&quot;: 19,
                &quot;isbn&quot;: &quot;e1a7d6cb-ca13-4837-8473-4bec2dabc819&quot;,
                &quot;nbOfPage&quot;: 411,
                &quot;title&quot;: &quot;d5bfd711-6ddc-4dbd-9f91-b8c7c1cde323&quot;
            },
            {
                &quot;description&quot;: &quot;547f02b0-0412-46e8-9a7d-d22ea3c41ef2&quot;,
                &quot;id&quot;: 20,
                &quot;isbn&quot;: &quot;9bb1c28e-4e5e-4320-9836-dc820287644a&quot;,
                &quot;nbOfPage&quot;: 411,
                &quot;title&quot;: &quot;6a963d04-5b6d-449b-bbf7-5f9d9fde2be1&quot;
            },
            {
                &quot;description&quot;: &quot;26d98bb8-b812-4cde-8167-6be2cb72680c&quot;,
                &quot;id&quot;: 21,
                &quot;isbn&quot;: &quot;e329b847-8165-42fe-bd9d-ca33760b6144&quot;,
                &quot;nbOfPage&quot;: 411,
                &quot;title&quot;: &quot;7efd7852-bdbf-489e-ad14-b0c5d93379a9&quot;
            },
            {
                &quot;description&quot;: &quot;d3c8beaa-8621-4d6d-9066-0f3248931b9b&quot;,
                &quot;id&quot;: 22,
                &quot;isbn&quot;: &quot;68834127-cd25-47be-a9bc-c8a593fb3a19&quot;,
                &quot;nbOfPage&quot;: 411,
                &quot;title&quot;: &quot;46f0a71b-dcc7-41b9-9949-daf4fb7ccea5&quot;
            },
            {
                &quot;description&quot;: &quot;efc40644-da48-4a62-b2ef-7a1d522da5f1&quot;,
                &quot;id&quot;: 23,
                &quot;isbn&quot;: &quot;bd50d069-22d1-4095-9f50-8b5145b500cb&quot;,
                &quot;nbOfPage&quot;: 411,
                &quot;title&quot;: &quot;e7af5c20-adfb-4f1b-b206-2bbf31bf3a7d&quot;
            },
            {
                &quot;description&quot;: &quot;e463905b-be98-414f-97f9-593eabb209b5&quot;,
                &quot;id&quot;: 24,
                &quot;isbn&quot;: &quot;30536d65-76e2-457b-b1da-446f61530fda&quot;,
                &quot;nbOfPage&quot;: 411,
                &quot;title&quot;: &quot;e26e6f4a-d82b-44b4-b562-7de01644567c&quot;
            },
            {
                &quot;description&quot;: &quot;6437d47c-9777-4862-bda8-0a87923fa3f8&quot;,
                &quot;id&quot;: 25,
                &quot;isbn&quot;: &quot;d1716236-ff6b-401c-99a7-fdff6c14f2e8&quot;,
                &quot;nbOfPage&quot;: 411,
                &quot;title&quot;: &quot;0c52eded-a586-47ca-a0ae-dc29dcaa76b3&quot;
            },
            {
                &quot;description&quot;: &quot;407c532e-6eb2-4c77-aea7-1643265ecb8b&quot;,
                &quot;id&quot;: 27,
                &quot;isbn&quot;: &quot;d4d85bf1-8f3e-443f-8057-b72a94bc091c&quot;,
                &quot;nbOfPage&quot;: 411,
                &quot;title&quot;: &quot;15051d47-7e8c-4775-9f82-d789ab13bc1d&quot;
            },
            {
                &quot;description&quot;: &quot;6e154311-6725-46db-bd8e-8260b102201e&quot;,
                &quot;id&quot;: 29,
                &quot;isbn&quot;: &quot;54777b88-ee79-4a21-919a-9d945d3b4461&quot;,
                &quot;nbOfPage&quot;: 371,
                &quot;title&quot;: &quot;0754b013-5fff-4408-9169-2c1013abc41d&quot;
            },
            {
                &quot;description&quot;: &quot;46f76eda-a033-4431-9469-174c65b3f17d&quot;,
                &quot;id&quot;: 30,
                &quot;isbn&quot;: &quot;34b0e70e-770a-4aa7-8b5a-7905eb979279&quot;,
                &quot;nbOfPage&quot;: 81,
                &quot;title&quot;: &quot;78e505c4-3c3d-4447-8a13-dca3371660af&quot;
            },
            {
                &quot;description&quot;: &quot;bb5d01e8-fe5f-4008-8a9e-41422ac873c6&quot;,
                &quot;id&quot;: 31,
                &quot;isbn&quot;: &quot;f39d7b6e-4210-46ca-8575-d603fefb8858&quot;,
                &quot;nbOfPage&quot;: 89,
                &quot;title&quot;: &quot;103d202f-094a-401a-b9f0-82cb38c92e60&quot;
            },
            {
                &quot;description&quot;: &quot;dgfgd&quot;,
                &quot;id&quot;: 32,
                &quot;isbn&quot;: &quot;16fa1a7f-e67d-4091-a6cb-bd79d53a850d&quot;,
                &quot;nbOfPage&quot;: 497,
                &quot;title&quot;: &quot;b7a1119c-c1d6-41eb-b19a-4ccb430c4033&quot;
            },
            {
                &quot;description&quot;: &quot;dgfgd&quot;,
                &quot;id&quot;: 33,
                &quot;isbn&quot;: &quot;091e5de9-500b-4352-90da-ebb00c89a1d1&quot;,
                &quot;nbOfPage&quot;: 261,
                &quot;title&quot;: &quot;852882e6-ae14-4057-8f8d-9bd6fb64a88a&quot;
            },
            {
                &quot;description&quot;: &quot;215a49db-2318-47c5-8cdc-020de7f0882e&quot;,
                &quot;id&quot;: 34,
                &quot;isbn&quot;: &quot;2a2fe8d2-7193-43a8-81ed-d4fe80b6fd63&quot;,
                &quot;nbOfPage&quot;: 18,
                &quot;title&quot;: &quot;506b4a99-7777-4284-89f8-2dc69d5f4792&quot;
            },
            {
                &quot;description&quot;: &quot;74a20c72-edac-4f3d-8b54-76315444887c&quot;,
                &quot;id&quot;: 35,
                &quot;isbn&quot;: &quot;d84dee9d-a5ad-4c01-ba3a-a1634dd001dc&quot;,
                &quot;nbOfPage&quot;: 475,
                &quot;title&quot;: &quot;aaeb0e92-dcbc-4b5b-8cab-21f18b51a03c&quot;
            },
            {
                &quot;description&quot;: &quot;301118bf-0286-4f91-897c-f82b4366c7c6&quot;,
                &quot;id&quot;: 36,
                &quot;isbn&quot;: &quot;e894fc5c-718d-4318-86b4-d3d0210783e1&quot;,
                &quot;nbOfPage&quot;: 170,
                &quot;title&quot;: &quot;0d9c7528-6e7b-4bde-a5b1-3616be69030e&quot;
            },
            {
                &quot;description&quot;: &quot;f7fa24af-ef80-4d5d-9433-d8110acf15c4&quot;,
                &quot;id&quot;: 37,
                &quot;isbn&quot;: &quot;01c3973a-f0fc-4648-895d-6a2fb6f0e8b4&quot;,
                &quot;nbOfPage&quot;: 157,
                &quot;title&quot;: &quot;8858670a-6f6c-40c4-82d0-1804cb6a59e1&quot;
            },
            {
                &quot;description&quot;: &quot;f224dc8f-09ff-476f-b944-a57f60a09f03&quot;,
                &quot;id&quot;: 38,
                &quot;isbn&quot;: &quot;131c465e-01a1-423c-be0c-2f4e4994148c&quot;,
                &quot;nbOfPage&quot;: 310,
                &quot;title&quot;: &quot;cabaace3-c449-496a-8b4f-a7c0625e9c2b&quot;
            },
            {
                &quot;description&quot;: &quot;8ee5866a-e23a-4ed4-8856-e4adf215ec09&quot;,
                &quot;id&quot;: 39,
                &quot;isbn&quot;: &quot;2c2ed9d6-314c-45a6-a7cb-6d3aa0403294&quot;,
                &quot;nbOfPage&quot;: 9,
                &quot;title&quot;: &quot;c84c012d-4385-4a3e-a621-18a897612865&quot;
            },
            {
                &quot;description&quot;: &quot;55525274-eeb5-421a-b2b2-9c54278eb616&quot;,
                &quot;id&quot;: 40,
                &quot;isbn&quot;: &quot;fe654388-03eb-4e4e-9e25-89246c0d1fc7&quot;,
                &quot;nbOfPage&quot;: 24,
                &quot;title&quot;: &quot;97792336-28bb-4260-a470-b456bf9db036&quot;
            },
            {
                &quot;description&quot;: &quot;f8270e15-9981-4c2b-b19f-e1ad9bba0122&quot;,
                &quot;id&quot;: 41,
                &quot;isbn&quot;: &quot;eae26665-d975-4457-b9f4-f1fcd377808d&quot;,
                &quot;nbOfPage&quot;: 341,
                &quot;title&quot;: &quot;01761186-6029-4bdd-8c65-293c2985a3aa&quot;
            },
            {
                &quot;description&quot;: &quot;0b0202ef-e528-4c04-85bb-66f169b7ef6c&quot;,
                &quot;id&quot;: 42,
                &quot;isbn&quot;: &quot;f3e95967-f4fc-4070-baff-82eb9b47eb1e&quot;,
                &quot;nbOfPage&quot;: 221,
                &quot;title&quot;: &quot;fc42b16d-cf46-48eb-a29b-69afb6be75e3&quot;
            },
            {
                &quot;description&quot;: &quot;2018b14f-6ee3-4102-b1e4-621bf66f1886&quot;,
                &quot;id&quot;: 43,
                &quot;isbn&quot;: &quot;664c84ac-9ca2-4bdf-93ef-41b0a2f87513&quot;,
                &quot;nbOfPage&quot;: 313,
                &quot;title&quot;: &quot;871b7eb0-c39a-4a94-8ba6-d498adb329cf&quot;
            },
            {
                &quot;description&quot;: &quot;9f559831-978e-4447-bafc-d4112e4c4e43&quot;,
                &quot;id&quot;: 44,
                &quot;isbn&quot;: &quot;cdc60653-0bdd-4ed1-9820-8e8f0214a47b&quot;,
                &quot;nbOfPage&quot;: 127,
                &quot;title&quot;: &quot;c6887101-9d02-444b-86a7-8fe1ce6a6bf5&quot;
            },
            {
                &quot;description&quot;: &quot;8227d849-0d21-47f6-8410-a84e5106877e&quot;,
                &quot;id&quot;: 45,
                &quot;isbn&quot;: &quot;f3af40d1-f79d-469a-9827-a7b5af1a6e19&quot;,
                &quot;nbOfPage&quot;: 152,
                &quot;title&quot;: &quot;95c934f3-cc73-4069-a033-60fd4f9401b5&quot;
            },
            {
                &quot;description&quot;: &quot;d019adab-908a-447a-979d-691f237136a4&quot;,
                &quot;id&quot;: 46,
                &quot;isbn&quot;: &quot;458f9da8-5ea8-42d1-a293-bfed311fbf6e&quot;,
                &quot;nbOfPage&quot;: 292,
                &quot;title&quot;: &quot;56b94938-20fb-412a-b8b4-2aa2f09de8fa&quot;
            },
            {
                &quot;description&quot;: &quot;6dd514d0-14eb-4495-b8b8-b7d23cbd9222&quot;,
                &quot;id&quot;: 47,
                &quot;isbn&quot;: &quot;ef2b7d16-4e18-4485-aa7f-a167144ffa31&quot;,
                &quot;nbOfPage&quot;: 58,
                &quot;title&quot;: &quot;9ab961ff-2318-4913-9bbe-b9af19890591&quot;
            },
            {
                &quot;description&quot;: &quot;c35468d8-9e95-4a43-9cd3-91bd50724658&quot;,
                &quot;id&quot;: 48,
                &quot;isbn&quot;: &quot;9435e4c3-e59d-44bc-8883-25bd904e4b28&quot;,
                &quot;nbOfPage&quot;: 362,
                &quot;title&quot;: &quot;4b49ed0b-3482-44e6-adbf-7c72fd417c9f&quot;
            },
            {
                &quot;description&quot;: &quot;139d7669-b116-4f5c-a973-16e2991102e6&quot;,
                &quot;id&quot;: 49,
                &quot;isbn&quot;: &quot;c6bbdabc-89a4-4135-8ad0-181355810a33&quot;,
                &quot;nbOfPage&quot;: 236,
                &quot;title&quot;: &quot;ff35042e-314a-47a7-935d-69eb193174fd&quot;
            },
            {
                &quot;description&quot;: &quot;bbdac7d4-cee1-468d-bdd3-39e3d5f5e5df&quot;,
                &quot;id&quot;: 50,
                &quot;isbn&quot;: &quot;0adb4cb4-edfa-4508-b7f9-abf7f3f23a4b&quot;,
                &quot;nbOfPage&quot;: 451,
                &quot;title&quot;: &quot;e08dec0b-1c7d-44b2-bd0d-08470b7cd890&quot;
            },
            {
                &quot;description&quot;: &quot;5e949519-cef6-4054-ac9d-2c091c491b1f&quot;,
                &quot;id&quot;: 51,
                &quot;isbn&quot;: &quot;2e1e2135-bb5e-4007-a522-2295f60d67f5&quot;,
                &quot;nbOfPage&quot;: 456,
                &quot;title&quot;: &quot;3c229e44-0b4e-4ca3-b670-35f122d02d5c&quot;
            },
            {
                &quot;description&quot;: &quot;eef3e850-7782-46f8-bc36-4682996ed91c&quot;,
                &quot;id&quot;: 52,
                &quot;isbn&quot;: &quot;8949f03c-ca7d-4ae7-9676-207239901acf&quot;,
                &quot;nbOfPage&quot;: 91,
                &quot;title&quot;: &quot;7933b83a-cc38-4f3c-8cdc-5f50657108b6&quot;
            },
            {
                &quot;description&quot;: &quot;ea6bac52-0dce-41df-bac1-1d964510471f&quot;,
                &quot;id&quot;: 53,
                &quot;isbn&quot;: &quot;9550db94-d807-4eaa-b68a-af01708cbce6&quot;,
                &quot;nbOfPage&quot;: 96,
                &quot;title&quot;: &quot;ca2b7523-a974-46ea-90fc-e525781cdd9a&quot;
            },
            {
                &quot;description&quot;: &quot;792f1c68-f871-47ca-b85d-d4b73c5acbbf&quot;,
                &quot;id&quot;: 54,
                &quot;isbn&quot;: &quot;b083f26d-f660-4363-be61-041e006b4a12&quot;,
                &quot;nbOfPage&quot;: 209,
                &quot;title&quot;: &quot;a7ef4d81-00d9-4970-9b66-bec3888eb890&quot;
            },
            {
                &quot;description&quot;: &quot;2df4317d-3ed5-4ad1-9f5a-d79a5f356bf7&quot;,
                &quot;id&quot;: 55,
                &quot;isbn&quot;: &quot;c90d6732-a44d-4469-ad7a-0ac0997be0bf&quot;,
                &quot;nbOfPage&quot;: 233,
                &quot;title&quot;: &quot;b49c340b-9362-4abe-bb01-494addf35098&quot;
            },
            {
                &quot;description&quot;: &quot;4830bae7-9a62-4529-8db9-8cb4f4ceed27&quot;,
                &quot;id&quot;: 56,
                &quot;isbn&quot;: &quot;32b1ec67-7113-4647-b21c-15e769525c16&quot;,
                &quot;nbOfPage&quot;: 484,
                &quot;title&quot;: &quot;a927a0bd-c7df-4d1e-a7f8-565d60a3ee59&quot;
            },
            {
                &quot;description&quot;: &quot;d79b6483-600d-40af-bb33-090f0912f479&quot;,
                &quot;id&quot;: 57,
                &quot;isbn&quot;: &quot;b88b8177-7812-4e98-8f4e-f93d4fbe4317&quot;,
                &quot;nbOfPage&quot;: 205,
                &quot;title&quot;: &quot;2c9ffc06-51b4-4fa0-8e90-a5d9c1e7e4db&quot;
            },
            {
                &quot;description&quot;: &quot;8578a1e2-d728-445f-8f17-a912ae8ada37&quot;,
                &quot;id&quot;: 58,
                &quot;isbn&quot;: &quot;5533aa70-5b06-4d81-a99a-dcce8ff0a2b5&quot;,
                &quot;nbOfPage&quot;: 464,
                &quot;title&quot;: &quot;8e12a272-cefe-4f17-bddb-1648ffe0454e&quot;
            },
            {
                &quot;description&quot;: &quot;c0ef5801-465c-46f9-bcc0-fe1c81e23bb7&quot;,
                &quot;id&quot;: 59,
                &quot;isbn&quot;: &quot;78b69fae-5f4b-4266-abfb-27820352e4a0&quot;,
                &quot;nbOfPage&quot;: 321,
                &quot;title&quot;: &quot;4a023a9b-4eac-46c8-b341-e6ac68533020&quot;
            },
            {
                &quot;description&quot;: &quot;be21e8d0-8f89-48bd-92db-ad28bdfcc3dc&quot;,
                &quot;id&quot;: 60,
                &quot;isbn&quot;: &quot;6497fd51-ade2-4166-9636-3d01dc39a2d4&quot;,
                &quot;nbOfPage&quot;: 276,
                &quot;title&quot;: &quot;7cad1000-b5d1-4d3a-a671-d264c770d93c&quot;
            },
            {
                &quot;description&quot;: &quot;02da8f13-83d3-4f72-a53a-5e50ff0ec237&quot;,
                &quot;id&quot;: 61,
                &quot;isbn&quot;: &quot;6b56fccd-9438-4b3b-8d32-19a84633f322&quot;,
                &quot;nbOfPage&quot;: 119,
                &quot;title&quot;: &quot;29234679-1a56-4191-9611-c9fbfa379f20&quot;
            },
            {
                &quot;description&quot;: &quot;7eefefec-4802-4a30-ae59-49760283d084&quot;,
                &quot;id&quot;: 62,
                &quot;isbn&quot;: &quot;c85874f6-5523-4a4a-9ac6-78f697d782b7&quot;,
                &quot;nbOfPage&quot;: 259,
                &quot;title&quot;: &quot;97ea086f-6e61-4abf-8bb9-6c55b4e7aafe&quot;
            },
            {
                &quot;description&quot;: &quot;5c72d0f7-b379-4ec0-b36a-a56acf8a2988&quot;,
                &quot;id&quot;: 63,
                &quot;isbn&quot;: &quot;b5ba4f4a-9472-4ff5-ad3a-36123af697c9&quot;,
                &quot;nbOfPage&quot;: 411,
                &quot;title&quot;: &quot;a619730e-3912-4119-8de7-b9157b6f808b&quot;
            },
            {
                &quot;description&quot;: &quot;984050ba-489c-4b89-80d1-470b5aa2268b&quot;,
                &quot;id&quot;: 78,
                &quot;isbn&quot;: &quot;e4220c93-ca23-4514-b6fb-24749fe09a84&quot;,
                &quot;nbOfPage&quot;: 471,
                &quot;title&quot;: &quot;347ed90e-f32f-4f61-b563-c79b71494810&quot;
            },
            {
                &quot;description&quot;: &quot;0ccf692d-5be3-4403-a009-cf4403aca10d&quot;,
                &quot;id&quot;: 90,
                &quot;isbn&quot;: &quot;2d5be8c9-2fb0-4591-9450-7d8b48ed0aae&quot;,
                &quot;nbOfPage&quot;: 289,
                &quot;title&quot;: &quot;2deb18d4-667d-4da5-9d95-fabc3f8e2aa5&quot;
            },
            {
                &quot;description&quot;: &quot;dgfgd&quot;,
                &quot;id&quot;: 91,
                &quot;isbn&quot;: &quot;c0e5d4de-20e2-4ec1-adfd-dc5ce163f753&quot;,
                &quot;nbOfPage&quot;: 196,
                &quot;title&quot;: &quot;ab72e692-38ce-49c0-91ca-2a989b00c332&quot;
            },
            {
                &quot;description&quot;: &quot;00110f7c-a35b-4c0d-ab91-8b5129ff02d7&quot;,
                &quot;id&quot;: 92,
                &quot;isbn&quot;: &quot;cd1d35c7-19b6-41c8-894e-ebd34f277e76&quot;,
                &quot;nbOfPage&quot;: 393,
                &quot;title&quot;: &quot;927310a9-94c8-48ea-88d3-6e328af807dd&quot;
            },
            {
                &quot;description&quot;: &quot;dgfgd&quot;,
                &quot;id&quot;: 93,
                &quot;isbn&quot;: &quot;8b4e1b2f-6976-4cbe-8d3e-f12963ad58d0&quot;,
                &quot;nbOfPage&quot;: 407,
                &quot;title&quot;: &quot;0e68af13-80c7-4a25-8b60-934764a3d3ad&quot;
            },
            {
                &quot;description&quot;: &quot;76fe6edd-b74e-41b3-9325-72719a89ab96&quot;,
                &quot;id&quot;: 94,
                &quot;isbn&quot;: &quot;5a5c7006-739d-4049-b595-5785bea623b1&quot;,
                &quot;nbOfPage&quot;: 410,
                &quot;title&quot;: &quot;54bd28a5-26ad-419e-976e-2b80aa76e305&quot;
            },
            {
                &quot;description&quot;: &quot;dgfgd&quot;,
                &quot;id&quot;: 95,
                &quot;isbn&quot;: &quot;0fa0bfcb-f0d8-4ac1-b492-2b43b85f028b&quot;,
                &quot;nbOfPage&quot;: 199,
                &quot;title&quot;: &quot;145816e9-8ef5-4afd-96fa-e8b9710aa157&quot;
            },
            {
                &quot;description&quot;: &quot;c2d1dcc0-4dd0-44a6-b922-e6b3735f90df&quot;,
                &quot;id&quot;: 96,
                &quot;isbn&quot;: &quot;9994b976-b1a1-4781-a340-4c8ab2738ecf&quot;,
                &quot;nbOfPage&quot;: 54,
                &quot;title&quot;: &quot;2a36adbb-3264-483e-aaac-3c3be9615802&quot;
            },
            {
                &quot;description&quot;: &quot;dgfgd&quot;,
                &quot;id&quot;: 97,
                &quot;isbn&quot;: &quot;7daf5253-aa1a-42fb-bb2d-4c1fbda51071&quot;,
                &quot;nbOfPage&quot;: 381,
                &quot;title&quot;: &quot;8e5699fd-b9f9-4589-b83a-c1899a50008a&quot;
            },
            {
                &quot;description&quot;: &quot;c2ca7f86-0793-4bf2-bef3-d3345f11a891&quot;,
                &quot;id&quot;: 98,
                &quot;isbn&quot;: &quot;4a1ecc66-42d9-4f13-aa8f-bcb4cd2b9a11&quot;,
                &quot;nbOfPage&quot;: 344,
                &quot;title&quot;: &quot;c1985be1-875c-4459-b252-db109699868b&quot;
            },
            {
                &quot;description&quot;: &quot;dgfgd&quot;,
                &quot;id&quot;: 99,
                &quot;isbn&quot;: &quot;b3e91fa0-b3ca-4ea6-9a4d-773762a81f2b&quot;,
                &quot;nbOfPage&quot;: 388,
                &quot;title&quot;: &quot;2be60df8-42fb-4415-8cd5-3b5ef4c32e0b&quot;
            },
            {
                &quot;description&quot;: &quot;33fb64be-8bc8-4554-bb8b-1084118c72ba&quot;,
                &quot;id&quot;: 100,
                &quot;isbn&quot;: &quot;d7b86e32-4ed9-4340-9c5a-47d9423871e9&quot;,
                &quot;nbOfPage&quot;: 47,
                &quot;title&quot;: &quot;4a2c9215-d333-453a-a24c-0cc811c30577&quot;
            },
            {
                &quot;description&quot;: &quot;dgfgd&quot;,
                &quot;id&quot;: 101,
                &quot;isbn&quot;: &quot;29303ef5-2961-4079-aafc-fa9546056140&quot;,
                &quot;nbOfPage&quot;: 24,
                &quot;title&quot;: &quot;31a8f752-6d1b-48e9-8550-f5c0e020917e&quot;
            },
            {
                &quot;description&quot;: &quot;6ec667ef-c4d7-4c3c-99ef-75194e259f57&quot;,
                &quot;id&quot;: 102,
                &quot;isbn&quot;: &quot;19878cfa-20cf-4f3a-aa78-7b178c3f4ff6&quot;,
                &quot;nbOfPage&quot;: 33,
                &quot;title&quot;: &quot;7ce3e8d5-53b5-4eb0-8b3b-2c64eca31872&quot;
            },
            {
                &quot;description&quot;: &quot;dgfgd&quot;,
                &quot;id&quot;: 103,
                &quot;isbn&quot;: &quot;e608dbe5-3755-476e-8e4e-9327c959b447&quot;,
                &quot;nbOfPage&quot;: 225,
                &quot;title&quot;: &quot;4d09b856-9d8e-43a8-a565-53cce5abb487&quot;
            },
            {
                &quot;description&quot;: &quot;fe0a1b08-e8ec-4f72-9d4e-3336077e1b94&quot;,
                &quot;id&quot;: 104,
                &quot;isbn&quot;: &quot;2ff1b2c5-d959-4809-9312-5ed63a8238f8&quot;,
                &quot;nbOfPage&quot;: 461,
                &quot;title&quot;: &quot;9d4b6605-d30d-4575-b2e0-3f40c786e062&quot;
            },
            {
                &quot;description&quot;: &quot;dgfgd&quot;,
                &quot;id&quot;: 105,
                &quot;isbn&quot;: &quot;e4d6ba65-e74a-4e04-be1f-0cb76b2b6f98&quot;,
                &quot;nbOfPage&quot;: 110,
                &quot;title&quot;: &quot;941d85f0-3b8e-4a73-9d4c-61cecd442fd4&quot;
            },
            {
                &quot;description&quot;: &quot;79492376-4ab9-4b2d-ba86-0a6ba56fcdca&quot;,
                &quot;id&quot;: 106,
                &quot;isbn&quot;: &quot;6b98238b-79e6-40dd-93c1-0352a75fb7c8&quot;,
                &quot;nbOfPage&quot;: 218,
                &quot;title&quot;: &quot;9cf36d0f-cae3-4cef-bb8d-7d6a771da7d5&quot;
            },
            {
                &quot;description&quot;: &quot;0acce0c6-530f-4f8f-8762-c712f5c16873&quot;,
                &quot;id&quot;: 107,
                &quot;isbn&quot;: &quot;0de222d1-5a84-4da0-a22f-d72f873e2211&quot;,
                &quot;nbOfPage&quot;: 130,
                &quot;title&quot;: &quot;80a30e6e-8f9a-4292-ae33-dc2547d66780&quot;
            }
        ]
    }
}
Request method:	PUT
Request path:	http://localhost:8080/librarytest/rest/books/
Proxy:			&lt;none&gt;
Request params:	&lt;none&gt;
Query params:	&lt;none&gt;
Form params:	&lt;none&gt;
Path params:	&lt;none&gt;
Multiparts:		&lt;none&gt;
Headers:		Accept=*/*
				Content-Type=application/json; charset=UTF-8
Cookies:		&lt;none&gt;
Body:
{
    &quot;book&quot;: {
        &quot;author&quot;: {
            &quot;name&quot;: &quot;Arthur C. Clarke&quot;,
            &quot;id&quot;: 4.0
        },
        &quot;id&quot;: 5,
        &quot;nbOfPage&quot;: 221,
        &quot;description&quot;: &quot;dgfgd&quot;,
        &quot;title&quot;: &quot;2001: A Space Odyssey&quot;,
        &quot;isbn&quot;: &quot;0-453-00269-2&quot;
    }
}
HTTP/1.1 400 Bad Request
Server: Apache-Coyote/1.1
Content-Type: text/html
Content-Length: 46
Date: Thu, 20 Apr 2017 10:56:39 GMT
Connection: close

&lt;html&gt;
  &lt;body&gt;Book contained an author with no id field set.&lt;/body&gt;
&lt;/html&gt;
</system-out>
  </testcase>
</testsuite>